<?xml version="1.0" encoding="UTF-8"?>
<!-- Generated by org.testng.reporters.JUnitReportReporter -->
<testsuite hostname="Dell_Inspiron" failures="0" tests="4" name="runners.TodoRunner" time="19.194" errors="0" timestamp="2025-07-26T20:21:57 IST" skipped="0">
  <testcase classname="runners.TodoRunner" name="runScenario" time="4.672"/>
  <testcase classname="runners.TodoRunner" name="runScenario" time="2.964"/>
  <testcase classname="runners.TodoRunner" name="runScenario" time="5.745"/>
  <testcase classname="runners.TodoRunner" name="runScenario" time="5.813"/>
</testsuite> <!-- runners.TodoRunner -->
